C51 COMPILER V9.00   MM_BLUETOOTH                                                          06/18/2014 15:35:06 PAGE 1   


C51 COMPILER V9.00, COMPILATION OF MODULE MM_BLUETOOTH
OBJECT MODULE PLACED IN MM_Bluetooth.OBJ
COMPILER INVOKED BY: D:\Program Files\Keil\C51\BIN\C51.EXE MM_Bluetooth.c LARGE BROWSE DEBUG OBJECTEXTEND

line level    source

   1          #include <reg52.h>
   2          #include <MM_Bluetooth.h>
   3          #include <MM_Accelerator.h>
   4          
   5          
   6          
   7          //发送单字符
   8          void SendByte(unsigned char dat)
   9          {
  10   1              SBUF = dat;
  11   1              ES = 0;
  12   1              while(!TI);
  13   1          TI = 0;                              //TI为0时，准备发送；为1时，发送完毕
  14   1              ES = 1;
  15   1      }
  16          
  17          
  18          //串口初始化
  19          void Init_UART()
  20          {
  21   1          SCON  = 0x50;                       // SCON: 模式 1, 8-bit UART, 禁止接受
  22   1              PCON  = 0x00;                           //不加倍
  23   1          TMOD |= 0x20;               // TMOD: timer 1, mode 2, 8-bit 重装
  24   1              TH1   = 0xFD;               // TH1:  重装值 9600 波特率 晶振 11.0592MHz
  25   1              TL1   = 0xFD;  
  26   1          TR1   = 1;                  // TR1:  timer 1 打开                           
  27   1          EA    = 1;                  //打开总中断
  28   1              ES    = 1;                  //打开串口中断
  29   1      }                        
  30          
  31          //发送函数
  32          void Send2PhoneMotion(int now, int orig)
  33          {
  34   1              if( now==orig )
  35   1                      return;
  36   1              else
  37   1              {
  38   2                      SendByte(0x30+now);
  39   2              }
  40   1      }
  41          void Send2PhoneSteps(int a)
  42          {
  43   1              int idata i;
  44   1              if(0==a)
  45   1                      return;
  46   1              else
  47   1              {
  48   2                      for(i=0; i<(a%10); i++)
  49   2                      {
  50   3                              SendByte(0x30+a/10);
  51   3                      }
  52   2              }
  53   1      }
  54          
  55          
C51 COMPILER V9.00   MM_BLUETOOTH                                                          06/18/2014 15:35:06 PAGE 2   

  56          
  57          /*********用于测试*********/
  58          void SENDDATA( int flag, int temp_data )
  59          {
  60   1              unsigned char wan, qian, bai, shi, ge;
  61   1              SendByte(0x77+flag);//x
  62   1              SendByte(0x3D);//=
  63   1              if(temp_data>0||temp_data==0)
  64   1                      SendByte(0x2B);//+号
  65   1              else
  66   1              {
  67   2                      SendByte(0x2D);//-号 
  68   2                      temp_data=-temp_data;
  69   2              }
  70   1              wan=temp_data/10000+0x30;
  71   1          temp_data=temp_data%10000;   //取余运算
  72   1              qian=temp_data/1000+0x30;
  73   1          temp_data=temp_data%1000;    //取余运算
  74   1          bai=temp_data/100+0x30;
  75   1          temp_data=temp_data%100;     //取余运算
  76   1          shi=temp_data/10+0x30;
  77   1          temp_data=temp_data%10;      //取余运算
  78   1          ge=temp_data+0x30; 
  79   1              SendByte(qian); 
  80   1              SendByte(bai); 
  81   1              SendByte(shi); 
  82   1              SendByte(ge); 
  83   1              SendByte(0x20);//换行\n
  84   1      }


MODULE INFORMATION:   STATIC OVERLAYABLE
   CODE SIZE        =    334    ----
   CONSTANT SIZE    =   ----    ----
   XDATA SIZE       =   ----       4
   PDATA SIZE       =   ----    ----
   DATA SIZE        =   ----    ----
   IDATA SIZE       =   ----       2
   BIT SIZE         =   ----    ----
END OF MODULE INFORMATION.


C51 COMPILATION COMPLETE.  0 WARNING(S),  0 ERROR(S)
